Running in AUTO mode.
-> Fresh-email mode: a unique email will be generated per student each run.
-> Generated fresh email for Susan White: susan.white.2922851@gmail.com

============================================================
Student: Susan White
Email:   susan.white.2922851@gmail.com
Pass:    SusanWhite!835
Mode:    AUTO
============================================================
Loading website: https://www.coursera.org/projects/build-a-computer-vision-app-with-azure-cognitive-services
Waiting for the website to settle...
AUTO mode: self-driving the course with robust selectors...
  [auto] goto https://www.coursera.org/projects/build-a-computer-vision-app-with-azure-cognitive-services
  [auto] clicked button "/enroll for free/i"
  [auto] filled input[name="email"]
  [auto] clicked button "/^continue$/i"
  [auto] filled input[name="name"]
  [auto] filled input[name="password"]
  [auto] clicked button "/join for free/i"
  [auto] after sign-up, URL: https://www.coursera.org/projects/build-a-computer-vision-app-with-azure-cognitive-services?action=enroll#authMode=signupSuccess
  [auto] clicked button "/^(continue|go to course|start learning)$/i"
  [auto] (skip) button "/enroll for free/i" not found
  [auto] after enrollment, URL: https://www.coursera.org/learn/build-a-computer-vision-app-with-azure-cognitive-services/home/module/1
  [auto] goto https://www.coursera.org/learn/build-a-computer-vision-app-with-azure-cognitive-services/home/welcome
  [auto] clicked input[type="checkbox"]
  [auto] (skip) button "/start the guided project/i" not found
  [auto] clicked button "/go to first item/i"
  [auto] after start-project, URL: https://www.coursera.org/learn/build-a-computer-vision-app-with-azure-cognitive-services/item/MhGNK
  [auto] goto https://www.coursera.org/learn/build-a-computer-vision-app-with-azure-cognitive-services/supplement/MhGNK/guided-project-overview
  [auto] supplement page URL: https://www.coursera.org/learn/build-a-computer-vision-app-with-azure-cognitive-services/supplement/MhGNK/guided-project-overview
  [auto] clicked button[data-testid="mark-complete"]
  [auto] goto https://www.coursera.org/learn/build-a-computer-vision-app-with-azure-cognitive-services/ungradedLab/Sr2cy/build-a-computer-vision-app-with-azure-cognitive-services
  [auto] (skip) lab step: locator.click: Timeout 20000ms exceeded.
  [auto] goto https://www.coursera.org/learn/build-a-computer-vision-app-with-azure-cognitive-services/assignment-submission/fEJPQ/assess-your-knowledge
  [auto] assignment page URL: https://www.coursera.org/learn/build-a-computer-vision-app-with-azure-cognitive-services/assignment-submission/fEJPQ/assess-your-knowledge
  [auto] clicked button[data-testid="continue-button"]
  [auto] clicked button[data-testid="CoverPageActionButton"]
  [auto] answered 2TwGVWrREeqKFQpvVMrRlw
  [auto] answered hrNXcK3dEeux2xL1pqXu9Q
  [auto] answered 76DnjmrREeq23BInykBZSw
  [auto] answered AOQApGrSEeq23BInykBZSw
  [auto] answered Eb_ze2rSEeq23BInykBZSw
  [auto] answered 9ujlN72qEeuH5RI9EGRpeQ
  [auto] answered I8ifqr2rEeuH5RI9EGRpeQ
  [auto] answered cwhAnb2rEeuH5RI9EGRpeQ
  [auto] filled input[data-testid="honor-code-legal-name-input"]
  [auto] clicked button[data-testid="submit-button"]
  [auto] clicked button[data-testid="dialog-submit-button"]
  [auto] goto https://www.coursera.org/learn/build-a-computer-vision-app-with-azure-cognitive-services/ungradedWidget/xJWEK/course-end-survey-we-appreciate-your-feedback
  [auto] (skip) button "/^continue$/i" not found
  [auto] clicked button[data-testid="mark-complete"]
  [auto] goto https://www.coursera.org/user-verification?returnTo=%2Fmy-learning%3FmyLearningTab%3DCERTIFICATES
  [auto] filled #first-name
  [auto] filled #last-name
  [auto] clicked #check-acknowledge-age-base
  [auto] clicked button "/^submit$/i"
  [auto] goto https://www.coursera.org/my-learning?myLearningTab=CERTIFICATES
  [auto] certificate not ready yet (attempt 1/4), waiting...
  [auto] goto https://www.coursera.org/my-learning?myLearningTab=CERTIFICATES
  [auto] certificate not ready yet (attempt 2/4), waiting...
  [auto] goto https://www.coursera.org/my-learning?myLearningTab=CERTIFICATES
  [auto] certificate not ready yet (attempt 3/4), waiting...
  [auto] goto https://www.coursera.org/my-learning?myLearningTab=CERTIFICATES
  [auto] certificate not ready yet (attempt 4/4), waiting...
  [auto] no certificate URL captured (ended at https://www.coursera.org/my-learning?myLearningTab=CERTIFICATES)

Flow finished but no certificate URL was captured.
Saved results for Susan White. Certificate URL: (none)
-> Generated fresh email for Elizabeth Taylor: elizabeth.taylor.5455528@gmail.com

============================================================
Student: Elizabeth Taylor
Email:   elizabeth.taylor.5455528@gmail.com
Pass:    ElizabethTaylor!153
Mode:    AUTO
============================================================
Loading website: https://www.coursera.org/projects/build-a-computer-vision-app-with-azure-cognitive-services
Waiting for the website to settle...
AUTO mode: self-driving the course with robust selectors...
  [auto] goto https://www.coursera.org/projects/build-a-computer-vision-app-with-azure-cognitive-services
  [auto] clicked button "/enroll for free/i"
  [auto] filled input[name="email"]
  [auto] clicked button "/^continue$/i"
  [auto] filled input[name="name"]
  [auto] filled input[name="password"]
  [auto] clicked button "/join for free/i"
  [auto] after sign-up, URL: https://www.coursera.org/projects/build-a-computer-vision-app-with-azure-cognitive-services?action=enroll#authMode=signupSuccess
  [auto] clicked button "/^(continue|go to course|start learning)$/i"
  [auto] (skip) button "/enroll for free/i" not found
  [auto] after enrollment, URL: https://www.coursera.org/learn/build-a-computer-vision-app-with-azure-cognitive-services/home/module/1
  [auto] goto https://www.coursera.org/learn/build-a-computer-vision-app-with-azure-cognitive-services/home/welcome
  [auto] clicked input[type="checkbox"]
  [auto] clicked button "/start the guided project/i"
  [auto] (skip) button "/go to first item/i" not found
  [auto] after start-project, URL: https://www.coursera.org/learn/build-a-computer-vision-app-with-azure-cognitive-services/supplement/MhGNK/guided-project-overview
  [auto] goto https://www.coursera.org/learn/build-a-computer-vision-app-with-azure-cognitive-services/supplement/MhGNK/guided-project-overview
  [auto] supplement page URL: https://www.coursera.org/learn/build-a-computer-vision-app-with-azure-cognitive-services/supplement/MhGNK/guided-project-overview
  [auto] clicked button[data-testid="mark-complete"]
  [auto] goto https://www.coursera.org/learn/build-a-computer-vision-app-with-azure-cognitive-services/ungradedLab/Sr2cy/build-a-computer-vision-app-with-azure-cognitive-services
  [auto] (skip) lab step: locator.click: Timeout 20000ms exceeded.
  [auto] goto https://www.coursera.org/learn/build-a-computer-vision-app-with-azure-cognitive-services/assignment-submission/fEJPQ/assess-your-knowledge
  [auto] assignment page URL: https://www.coursera.org/learn/build-a-computer-vision-app-with-azure-cognitive-services/assignment-submission/fEJPQ/assess-your-knowledge
  [auto] clicked button[data-testid="continue-button"]
  [auto] clicked button[data-testid="CoverPageActionButton"]
  [auto] answered 2TwGVWrREeqKFQpvVMrRlw
  [auto] answered hrNXcK3dEeux2xL1pqXu9Q
  [auto] answered 76DnjmrREeq23BInykBZSw
  [auto] answered AOQApGrSEeq23BInykBZSw
  [auto] answered Eb_ze2rSEeq23BInykBZSw
  [auto] answered 9ujlN72qEeuH5RI9EGRpeQ
  [auto] answered I8ifqr2rEeuH5RI9EGRpeQ
  [auto] answered cwhAnb2rEeuH5RI9EGRpeQ
  [auto] filled input[data-testid="honor-code-legal-name-input"]
  [auto] clicked button[data-testid="submit-button"]
  [auto] clicked button[data-testid="dialog-submit-button"]
  [auto] goto https://www.coursera.org/learn/build-a-computer-vision-app-with-azure-cognitive-services/ungradedWidget/xJWEK/course-end-survey-we-appreciate-your-feedback
  [auto] (skip) button "/^continue$/i" not found
  [auto] clicked button[data-testid="mark-complete"]
  [auto] goto https://www.coursera.org/user-verification?returnTo=%2Fmy-learning%3FmyLearningTab%3DCERTIFICATES
  [auto] (skip) fill #first-name not found
  [auto] (skip) fill #last-name not found
  [auto] (skip) #check-acknowledge-age-base not found
  [auto] (skip) button "/^submit$/i" not found
  [auto] goto https://www.coursera.org/my-learning?myLearningTab=CERTIFICATES
  [auto] certificate not ready yet (attempt 1/4), waiting...
  [auto] goto https://www.coursera.org/my-learning?myLearningTab=CERTIFICATES
  [auto] certificate not ready yet (attempt 2/4), waiting...
  [auto] goto https://www.coursera.org/my-learning?myLearningTab=CERTIFICATES
  [auto] certificate not ready yet (attempt 3/4), waiting...
  [auto] goto https://www.coursera.org/my-learning?myLearningTab=CERTIFICATES
  [auto] certificate not ready yet (attempt 4/4), waiting...
  [auto] no certificate URL captured (ended at https://www.coursera.org/learn/build-a-computer-vision-app-with-azure-cognitive-services/assignment-submission/fEJPQ/assess-your-knowledge/attempt)

Flow finished but no certificate URL was captured.
Saved results for Elizabeth Taylor. Certificate URL: (none)

Finished. Results saved to students.csv.
